Build started 2015/12/2 下午 04:42:18.
     1>Project "D:\石心\Academic\Computer Graphics\HW\1-2\MeshExample\MeshExample.vcxproj" on node 2 (Build target(s)).
     1>ClCompile:
         C:\Program Files (x86)\Microsoft Visual Studio 14.0\VC\bin\CL.exe /c /ZI /nologo /W3 /WX- /Od /Oy- /D WIN32 /D _DEBUG /D _CONSOLE /D _UNICODE /D UNICODE /Gm /EHsc /RTC1 /MDd /GS /fp:precise /Zc:wchar_t /Zc:forScope /Zc:inline /Fo"Debug\\" /Fd"Debug\vc140.pdb" /Gd /TP /analyze- /errorReport:prompt main.cpp mesh.cpp scene.cpp view.cpp
         view.cpp
         scene.cpp
     1>d:\石心\academic\computer graphics\hw\1-2\meshexample\freeimage.h : warning C4819: The file contains a character that cannot be represented in the current code page (950). Save the file in Unicode format to prevent data loss
         mesh.cpp
     1>d:\石心\academic\computer graphics\hw\1-2\meshexample\mesh.cpp(43): warning C4996: 'fopen': This function or variable may be unsafe. Consider using fopen_s instead. To disable deprecation, use _CRT_SECURE_NO_WARNINGS. See online help for details.
         c:\program files (x86)\windows kits\10\include\10.0.10150.0\ucrt\stdio.h(205): note: see declaration of 'fopen'
     1>d:\石心\academic\computer graphics\hw\1-2\meshexample\mesh.cpp(57): warning C4996: 'fscanf': This function or variable may be unsafe. Consider using fscanf_s instead. To disable deprecation, use _CRT_SECURE_NO_WARNINGS. See online help for details.
         c:\program files (x86)\windows kits\10\include\10.0.10150.0\ucrt\stdio.h(1193): note: see declaration of 'fscanf'
     1>d:\石心\academic\computer graphics\hw\1-2\meshexample\mesh.cpp(61): warning C4996: 'fscanf': This function or variable may be unsafe. Consider using fscanf_s instead. To disable deprecation, use _CRT_SECURE_NO_WARNINGS. See online help for details.
         c:\program files (x86)\windows kits\10\include\10.0.10150.0\ucrt\stdio.h(1193): note: see declaration of 'fscanf'
     1>d:\石心\academic\computer graphics\hw\1-2\meshexample\mesh.cpp(68): warning C4996: 'fscanf': This function or variable may be unsafe. Consider using fscanf_s instead. To disable deprecation, use _CRT_SECURE_NO_WARNINGS. See online help for details.
         c:\program files (x86)\windows kits\10\include\10.0.10150.0\ucrt\stdio.h(1193): note: see declaration of 'fscanf'
     1>d:\石心\academic\computer graphics\hw\1-2\meshexample\mesh.cpp(74): warning C4996: 'fscanf': This function or variable may be unsafe. Consider using fscanf_s instead. To disable deprecation, use _CRT_SECURE_NO_WARNINGS. See online help for details.
         c:\program files (x86)\windows kits\10\include\10.0.10150.0\ucrt\stdio.h(1193): note: see declaration of 'fscanf'
     1>d:\石心\academic\computer graphics\hw\1-2\meshexample\mesh.cpp(80): warning C4996: 'fscanf': This function or variable may be unsafe. Consider using fscanf_s instead. To disable deprecation, use _CRT_SECURE_NO_WARNINGS. See online help for details.
         c:\program files (x86)\windows kits\10\include\10.0.10150.0\ucrt\stdio.h(1193): note: see declaration of 'fscanf'
     1>d:\石心\academic\computer graphics\hw\1-2\meshexample\mesh.cpp(86): warning C4996: 'fscanf': This function or variable may be unsafe. Consider using fscanf_s instead. To disable deprecation, use _CRT_SECURE_NO_WARNINGS. See online help for details.
         c:\program files (x86)\windows kits\10\include\10.0.10150.0\ucrt\stdio.h(1193): note: see declaration of 'fscanf'
     1>d:\石心\academic\computer graphics\hw\1-2\meshexample\mesh.cpp(91): warning C4996: 'fscanf': This function or variable may be unsafe. Consider using fscanf_s instead. To disable deprecation, use _CRT_SECURE_NO_WARNINGS. See online help for details.
         c:\program files (x86)\windows kits\10\include\10.0.10150.0\ucrt\stdio.h(1193): note: see declaration of 'fscanf'
     1>d:\石心\academic\computer graphics\hw\1-2\meshexample\mesh.cpp(100): warning C4996: 'fscanf': This function or variable may be unsafe. Consider using fscanf_s instead. To disable deprecation, use _CRT_SECURE_NO_WARNINGS. See online help for details.
         c:\program files (x86)\windows kits\10\include\10.0.10150.0\ucrt\stdio.h(1193): note: see declaration of 'fscanf'
     1>d:\石心\academic\computer graphics\hw\1-2\meshexample\mesh.cpp(172): warning C4996: 'fopen': This function or variable may be unsafe. Consider using fopen_s instead. To disable deprecation, use _CRT_SECURE_NO_WARNINGS. See online help for details.
         c:\program files (x86)\windows kits\10\include\10.0.10150.0\ucrt\stdio.h(205): note: see declaration of 'fopen'
     1>d:\石心\academic\computer graphics\hw\1-2\meshexample\mesh.cpp(187): warning C4996: 'fscanf': This function or variable may be unsafe. Consider using fscanf_s instead. To disable deprecation, use _CRT_SECURE_NO_WARNINGS. See online help for details.
         c:\program files (x86)\windows kits\10\include\10.0.10150.0\ucrt\stdio.h(1193): note: see declaration of 'fscanf'
     1>d:\石心\academic\computer graphics\hw\1-2\meshexample\mesh.cpp(191): warning C4996: 'fscanf': This function or variable may be unsafe. Consider using fscanf_s instead. To disable deprecation, use _CRT_SECURE_NO_WARNINGS. See online help for details.
         c:\program files (x86)\windows kits\10\include\10.0.10150.0\ucrt\stdio.h(1193): note: see declaration of 'fscanf'
     1>d:\石心\academic\computer graphics\hw\1-2\meshexample\mesh.cpp(200): warning C4996: 'fscanf': This function or variable may be unsafe. Consider using fscanf_s instead. To disable deprecation, use _CRT_SECURE_NO_WARNINGS. See online help for details.
         c:\program files (x86)\windows kits\10\include\10.0.10150.0\ucrt\stdio.h(1193): note: see declaration of 'fscanf'
     1>d:\石心\academic\computer graphics\hw\1-2\meshexample\mesh.cpp(209): warning C4996: 'fscanf': This function or variable may be unsafe. Consider using fscanf_s instead. To disable deprecation, use _CRT_SECURE_NO_WARNINGS. See online help for details.
         c:\program files (x86)\windows kits\10\include\10.0.10150.0\ucrt\stdio.h(1193): note: see declaration of 'fscanf'
     1>d:\石心\academic\computer graphics\hw\1-2\meshexample\mesh.cpp(218): warning C4996: 'fscanf': This function or variable may be unsafe. Consider using fscanf_s instead. To disable deprecation, use _CRT_SECURE_NO_WARNINGS. See online help for details.
         c:\program files (x86)\windows kits\10\include\10.0.10150.0\ucrt\stdio.h(1193): note: see declaration of 'fscanf'
     1>d:\石心\academic\computer graphics\hw\1-2\meshexample\mesh.cpp(227): warning C4996: 'fscanf': This function or variable may be unsafe. Consider using fscanf_s instead. To disable deprecation, use _CRT_SECURE_NO_WARNINGS. See online help for details.
         c:\program files (x86)\windows kits\10\include\10.0.10150.0\ucrt\stdio.h(1193): note: see declaration of 'fscanf'
     1>d:\石心\academic\computer graphics\hw\1-2\meshexample\mesh.cpp(233): warning C4996: 'fscanf': This function or variable may be unsafe. Consider using fscanf_s instead. To disable deprecation, use _CRT_SECURE_NO_WARNINGS. See online help for details.
         c:\program files (x86)\windows kits\10\include\10.0.10150.0\ucrt\stdio.h(1193): note: see declaration of 'fscanf'
     1>d:\石心\academic\computer graphics\hw\1-2\meshexample\mesh.cpp(239): warning C4996: 'fscanf': This function or variable may be unsafe. Consider using fscanf_s instead. To disable deprecation, use _CRT_SECURE_NO_WARNINGS. See online help for details.
         c:\program files (x86)\windows kits\10\include\10.0.10150.0\ucrt\stdio.h(1193): note: see declaration of 'fscanf'
     1>d:\石心\academic\computer graphics\hw\1-2\meshexample\mesh.cpp(245): warning C4996: 'fscanf': This function or variable may be unsafe. Consider using fscanf_s instead. To disable deprecation, use _CRT_SECURE_NO_WARNINGS. See online help for details.
         c:\program files (x86)\windows kits\10\include\10.0.10150.0\ucrt\stdio.h(1193): note: see declaration of 'fscanf'
     1>d:\石心\academic\computer graphics\hw\1-2\meshexample\mesh.cpp(251): warning C4996: 'fscanf': This function or variable may be unsafe. Consider using fscanf_s instead. To disable deprecation, use _CRT_SECURE_NO_WARNINGS. See online help for details.
         c:\program files (x86)\windows kits\10\include\10.0.10150.0\ucrt\stdio.h(1193): note: see declaration of 'fscanf'
     1>d:\石心\academic\computer graphics\hw\1-2\meshexample\mesh.cpp(257): warning C4996: 'fscanf': This function or variable may be unsafe. Consider using fscanf_s instead. To disable deprecation, use _CRT_SECURE_NO_WARNINGS. See online help for details.
         c:\program files (x86)\windows kits\10\include\10.0.10150.0\ucrt\stdio.h(1193): note: see declaration of 'fscanf'
         main.cpp
     1>d:\石心\academic\computer graphics\hw\1-2\meshexample\freeimage.h : warning C4819: The file contains a character that cannot be represented in the current code page (950). Save the file in Unicode format to prevent data loss
     1>d:\石心\academic\computer graphics\hw\1-2\meshexample\main.cpp(143): warning C4018: '<': signed/unsigned mismatch
         Generating Code...
       Link:
         C:\Program Files (x86)\Microsoft Visual Studio 14.0\VC\bin\link.exe /ERRORREPORT:PROMPT /OUT:"D:\石心\Academic\Computer Graphics\HW\1-2\MeshExample\Debug\MeshExample.exe" /INCREMENTAL /NOLOGO glut32.lib glew32.lib FreeImage.lib kernel32.lib user32.lib gdi32.lib winspool.lib comdlg32.lib advapi32.lib shell32.lib ole32.lib oleaut32.lib uuid.lib odbc32.lib odbccp32.lib /MANIFEST /MANIFESTUAC:"level='asInvoker' uiAccess='false'" /manifest:embed /Debug /PDB:"D:\石心\Academic\Computer Graphics\HW\1-2\MeshExample\Debug\MeshExample.pdb" /SUBSYSTEM:CONSOLE /TLBID:1 /DYNAMICBASE /NXCOMPAT /IMPLIB:"D:\石心\Academic\Computer Graphics\HW\1-2\MeshExample\Debug\MeshExample.lib" /MACHINE:X86 /SAFESEH Debug\main.obj
         Debug\mesh.obj
         Debug\scene.obj
         Debug\view.obj
     1>main.obj : warning LNK4075: ignoring '/EDITANDCONTINUE' due to '/SAFESEH' specification
         MeshExample.vcxproj -> D:\石心\Academic\Computer Graphics\HW\1-2\MeshExample\Debug\MeshExample.exe
     1>Done Building Project "D:\石心\Academic\Computer Graphics\HW\1-2\MeshExample\MeshExample.vcxproj" (Build target(s)).

Build succeeded.

Time Elapsed 00:00:03.32
